2026-02-21 22:48:02 [INFO] root: Logging initialized. Writing to logs/analysis_pregame.log
2026-02-21 22:48:02 [INFO] root: >>> STARTING PRE-GAME EV PROP ANALYSIS <<<
2026-02-21 22:48:02 [INFO] root: Loaded 485 props.
2026-02-21 22:48:02 [INFO] root: Building EV feature set...
2026-02-21 22:48:02 [INFO] root: --- Loading Static Data Files (Parquet) ---
2026-02-21 22:48:04 [INFO] root: Feature set built. Final Shape: (468, 160)
2026-02-21 22:48:04 [INFO] root: Running Probabilistic EV Inference...
2026-02-21 22:48:04 [INFO] root: Starting EV inference for 468 props...
2026-02-21 22:48:04 [INFO] root: Predicting 95 rows for AST...
2026-02-21 22:48:04 [INFO] root: Predicting 102 rows for PRA...
2026-02-21 22:48:04 [INFO] root: Predicting 102 rows for PTS...
2026-02-21 22:48:05 [INFO] root: Predicting 67 rows for RA...
2026-02-21 22:48:05 [INFO] root: Predicting 102 rows for REB...
2026-02-21 22:48:05 [INFO] root: --- EV ANALYSIS SUMMARY ---
2026-02-21 22:48:05 [INFO] root:   S Tier: 141 props
2026-02-21 22:48:05 [INFO] root:   A Tier: 10 props
2026-02-21 22:48:05 [INFO] root:   B Tier: 6 props
2026-02-21 22:48:05 [INFO] root:   C Tier: 16 props
2026-02-21 22:48:05 [INFO] root:   Pass: 0 props
2026-02-21 22:48:05 [INFO] root: ---------------------------
2026-02-21 22:48:05 [INFO] root: Saved Excel analysis to: output/processed_props.xlsx
2026-02-21 22:48:05 [INFO] root: <<< EV ANALYSIS COMPLETE >>>
