2026-02-21 22:47:10 [INFO] root: Logging initialized. Writing to logs/converter.log
2026-02-21 22:47:10 [INFO] root: >>> STARTING PROP CONVERTER <<<
2026-02-21 22:47:10 [INFO] root: Successfully converted props to input/props_today.csv (485 rows)
2026-02-21 22:47:10 [INFO] root: <<< CONVERTER COMPLETE >>>
2026-02-22 15:20:55 [INFO] root: Logging initialized. Writing to logs/converter.log
2026-02-22 15:20:55 [INFO] root: >>> STARTING PROP CONVERTER <<<
2026-02-22 15:21:01 [WARNING] root: Could not fetch schedule for 2026-02-22: HTTPSConnectionPool(host='stats.nba.com', port=443): Read timed out. (read timeout=5)
2026-02-22 15:21:06 [WARNING] root: Could not fetch schedule for 2026-02-23: HTTPSConnectionPool(host='stats.nba.com', port=443): Read timed out. (read timeout=5)
2026-02-22 15:21:06 [INFO] root: Successfully converted props to input/props_today.csv (390 rows)
2026-02-22 15:21:06 [INFO] root: Updated Master Prop History: master_prop_history.parquet (Total records: 390)
2026-02-22 15:21:06 [INFO] root: <<< CONVERTER COMPLETE >>>
2026-02-22 15:24:29 [INFO] root: Logging initialized. Writing to logs/converter.log
2026-02-22 15:24:29 [INFO] root: >>> STARTING PROP CONVERTER <<<
2026-02-22 15:24:29 [INFO] root: Successfully converted props to input/props_today.csv (390 rows)
2026-02-22 15:24:29 [INFO] root: Updated Master Prop History: master_prop_history.parquet (Total records: 332)
2026-02-22 15:24:29 [INFO] root: <<< CONVERTER COMPLETE >>>
2026-02-22 15:31:55 [INFO] root: Logging initialized. Writing to logs/converter.log
2026-02-22 15:31:55 [INFO] root: >>> STARTING PRIZEPICKS PROP CONVERTER <<<
2026-02-22 15:32:00 [WARNING] root: Could not fetch schedule for 2026-02-22: HTTPSConnectionPool(host='stats.nba.com', port=443): Read timed out. (read timeout=5)
2026-02-22 15:32:05 [WARNING] root: Could not fetch schedule for 2026-02-23: HTTPSConnectionPool(host='stats.nba.com', port=443): Read timed out. (read timeout=5)
2026-02-22 15:32:05 [INFO] root: Successfully converted props to input/props_today.csv (390 rows)
2026-02-22 15:32:05 [INFO] root: Updated Master Prop History: master_prop_history.parquet (Total records: 332)
2026-02-22 15:32:05 [INFO] root: <<< CONVERTER COMPLETE >>>
2026-02-22 15:33:27 [INFO] root: Logging initialized. Writing to logs/converter.log
2026-02-22 15:33:27 [INFO] root: >>> STARTING PRIZEPICKS PROP CONVERTER <<<
2026-02-22 15:33:27 [INFO] root: Successfully converted props to input/props_today.csv (390 rows)
2026-02-22 15:33:27 [INFO] root: Updated Master Prop History: master_prop_history.parquet (Total records: 332)
2026-02-22 15:33:27 [INFO] root: <<< CONVERTER COMPLETE >>>
2026-02-22 15:42:23 [INFO] root: Logging initialized. Writing to logs/converter.log
2026-02-22 15:42:23 [INFO] root: >>> STARTING PRIZEPICKS PROP CONVERTER <<<
2026-02-22 15:42:24 [INFO] root: Successfully converted props to input/props_today.csv (288 rows)
2026-02-22 15:42:24 [INFO] root: Updated Master Prop History: master_prop_history.parquet (Total records: 373)
2026-02-22 15:42:24 [INFO] root: <<< CONVERTER COMPLETE >>>
2026-02-22 15:52:34 [INFO] root: Logging initialized. Writing to logs/converter.log
2026-02-22 15:52:34 [INFO] root: >>> STARTING PRIZEPICKS PROP CONVERTER <<<
2026-02-22 15:52:34 [INFO] root: Successfully converted props to input/props_today.csv (285 rows)
2026-02-22 15:52:34 [INFO] root: Updated Master Prop History: master_prop_history.parquet (Total records: 373)
2026-02-22 15:52:34 [INFO] root: <<< CONVERTER COMPLETE >>>
2026-02-22 15:53:20 [INFO] root: Logging initialized. Writing to logs/converter.log
2026-02-22 15:53:20 [INFO] root: >>> STARTING PRIZEPICKS PROP CONVERTER <<<
2026-02-22 15:53:20 [INFO] root: Successfully converted props to input/props_today.csv (284 rows)
2026-02-22 15:53:20 [INFO] root: Updated Master Prop History: master_prop_history.parquet (Total records: 373)
2026-02-22 15:53:20 [INFO] root: <<< CONVERTER COMPLETE >>>
2026-02-22 15:57:09 [INFO] root: Logging initialized. Writing to logs/converter.log
2026-02-22 15:57:09 [INFO] root: >>> STARTING PRIZEPICKS PROP CONVERTER <<<
2026-02-22 15:57:09 [WARNING] root: No valid props parsed. Check input format.
2026-02-22 15:57:09 [INFO] root: <<< CONVERTER COMPLETE >>>
2026-02-22 15:58:42 [INFO] root: Logging initialized. Writing to logs/converter.log
2026-02-22 15:58:42 [INFO] root: >>> STARTING PRIZEPICKS PROP CONVERTER <<<
2026-02-22 15:58:43 [INFO] root: Successfully converted props to input/props_today.csv (80 rows)
2026-02-22 15:58:43 [INFO] root: Updated Master Prop History: master_prop_history.parquet (Total records: 383)
2026-02-22 15:58:43 [INFO] root: <<< CONVERTER COMPLETE >>>
2026-02-22 16:08:08 [INFO] root: Logging initialized. Writing to logs/converter.log
2026-02-22 16:08:08 [INFO] root: >>> STARTING PRIZEPICKS PROP CONVERTER <<<
2026-02-22 16:08:08 [INFO] root: Successfully converted Underdog props to input/props_today.csv (485 rows)
2026-02-22 16:08:08 [INFO] root: Updated Master Prop History: master_prop_history.parquet (Total records: 734)
2026-02-22 16:08:08 [INFO] root: <<< CONVERTER COMPLETE >>>
2026-02-22 16:08:33 [INFO] root: Logging initialized. Writing to logs/converter.log
2026-02-22 16:08:33 [INFO] root: >>> STARTING PRIZEPICKS PROP CONVERTER <<<
2026-02-22 16:08:33 [INFO] root: Successfully converted PrizePicks props to input/props_today.csv (284 rows)
2026-02-22 16:08:33 [INFO] root: Updated Master Prop History: master_prop_history.parquet (Total records: 734)
2026-02-22 16:08:33 [INFO] root: <<< CONVERTER COMPLETE >>>
2026-02-22 18:50:44 [INFO] root: Logging initialized. Writing to logs/converter.log
2026-02-22 18:50:44 [INFO] root: >>> STARTING PRIZEPICKS PROP CONVERTER <<<
2026-02-22 18:50:44 [INFO] root: Successfully converted Underdog props to input/props_today.csv (485 rows)
2026-02-22 18:50:44 [INFO] root: Updated Master Prop History: master_prop_history.parquet (Total records: 734)
2026-02-22 18:50:44 [INFO] root: <<< CONVERTER COMPLETE >>>
2026-02-22 21:52:35 [INFO] root: Logging initialized. Writing to logs/converter.log
2026-02-22 21:52:35 [INFO] root: >>> STARTING PRIZEPICKS PROP CONVERTER <<<
2026-02-22 21:52:35 [INFO] root: Successfully converted Underdog props to input/props_today.csv (184 rows)
2026-02-22 21:52:35 [INFO] root: Updated Master Prop History: master_prop_history.parquet (Total records: 918)
2026-02-22 21:52:35 [INFO] root: <<< CONVERTER COMPLETE >>>
2026-02-23 23:53:59 [INFO] root: Logging initialized. Writing to logs/converter.log
2026-02-23 23:53:59 [INFO] root: >>> STARTING PRIZEPICKS PROP CONVERTER <<<
2026-02-23 23:53:59 [INFO] root: Successfully converted Underdog props to input/props_today.csv (184 rows)
2026-02-23 23:53:59 [INFO] root: Updated Master Prop History: master_prop_history.parquet (Total records: 918)
2026-02-23 23:53:59 [INFO] root: <<< CONVERTER COMPLETE >>>
2026-02-23 23:58:26 [INFO] root: Logging initialized. Writing to logs/converter.log
2026-02-23 23:58:26 [INFO] root: >>> STARTING PRIZEPICKS PROP CONVERTER <<<
2026-02-23 23:58:26 [INFO] root: Successfully converted Underdog props to input/props_today.csv (589 rows)
2026-02-23 23:58:26 [INFO] root: Updated Master Prop History: master_prop_history.parquet (Total records: 1507)
2026-02-23 23:58:26 [INFO] root: <<< CONVERTER COMPLETE >>>
2026-02-23 23:59:39 [INFO] root: Logging initialized. Writing to logs/converter.log
2026-02-23 23:59:39 [INFO] root: >>> STARTING PRIZEPICKS PROP CONVERTER <<<
2026-02-23 23:59:39 [INFO] root: Successfully converted PrizePicks props to input/props_today.csv (1052 rows)
2026-02-23 23:59:39 [INFO] root: Updated Master Prop History: master_prop_history.parquet (Total records: 2024)
2026-02-23 23:59:39 [INFO] root: <<< CONVERTER COMPLETE >>>
2026-02-24 00:08:05 [INFO] root: Logging initialized. Writing to logs/converter.log
2026-02-24 00:08:05 [INFO] root: >>> STARTING PRIZEPICKS PROP CONVERTER <<<
2026-02-24 00:08:05 [INFO] root: Successfully converted PrizePicks props to input/props_today.csv (901 rows)
2026-02-24 00:08:05 [INFO] root: Updated Master Prop History: master_prop_history.parquet (Total records: 2024)
2026-02-24 00:08:05 [INFO] root: <<< CONVERTER COMPLETE >>>
2026-02-24 00:09:30 [INFO] root: Logging initialized. Writing to logs/converter.log
2026-02-24 00:09:30 [INFO] root: >>> STARTING PRIZEPICKS PROP CONVERTER <<<
2026-02-24 00:09:30 [INFO] root: Successfully converted PrizePicks props to input/props_today.csv (1052 rows)
2026-02-24 00:09:30 [INFO] root: Updated Master Prop History: master_prop_history.parquet (Total records: 2024)
2026-02-24 00:09:30 [INFO] root: <<< CONVERTER COMPLETE >>>
2026-02-25 01:44:54 [INFO] root: Logging initialized. Writing to logs/converter.log
2026-02-25 01:44:54 [INFO] root: >>> STARTING PRIZEPICKS PROP CONVERTER <<<
2026-02-25 01:44:54 [INFO] root: Successfully converted PrizePicks props to input/props_today.csv (582 rows)
2026-02-25 01:44:54 [INFO] root: Updated Master Prop History: master_prop_history.parquet (Total records: 2606)
2026-02-25 01:44:54 [INFO] root: <<< CONVERTER COMPLETE >>>
2026-02-25 02:04:30 [INFO] root: Logging initialized. Writing to logs/converter.log
2026-02-25 02:04:30 [INFO] root: >>> STARTING PRIZEPICKS PROP CONVERTER <<<
2026-02-25 02:04:30 [INFO] root: Successfully converted PrizePicks props to input/props_today.csv (582 rows)
2026-02-25 02:04:30 [INFO] root: Updated Master Prop History: master_prop_history.parquet (Total records: 2606)
2026-02-25 02:04:30 [INFO] root: <<< CONVERTER COMPLETE >>>
2026-02-26 01:02:58 [INFO] root: Logging initialized. Writing to logs/converter.log
2026-02-26 01:02:58 [INFO] root: >>> STARTING PRIZEPICKS PROP CONVERTER <<<
2026-02-26 01:02:58 [INFO] root: Successfully converted PrizePicks props to input/props_today.csv (819 rows)
2026-02-26 01:02:58 [INFO] root: Updated Master Prop History: master_prop_history.parquet (Total records: 3425)
2026-02-26 01:02:58 [INFO] root: <<< CONVERTER COMPLETE >>>
2026-02-27 00:40:16 [INFO] root: Logging initialized. Writing to logs/converter.log
2026-02-27 00:40:16 [INFO] root: >>> STARTING PRIZEPICKS PROP CONVERTER <<<
2026-02-27 00:40:16 [INFO] root: Successfully converted PrizePicks props to input/props_today.csv (480 rows)
2026-02-27 00:40:16 [INFO] root: Updated Master Prop History: master_prop_history.parquet (Total records: 3905)
2026-02-27 00:40:16 [INFO] root: <<< CONVERTER COMPLETE >>>
2026-02-27 22:17:01 [INFO] root: Logging initialized. Writing to logs/converter.log
2026-02-27 22:17:01 [INFO] root: >>> STARTING PRIZEPICKS PROP CONVERTER <<<
2026-02-27 22:17:01 [INFO] root: Successfully converted PrizePicks props to input/props_today.csv (486 rows)
2026-02-27 22:17:01 [INFO] root: Updated Master Prop History: master_prop_history.parquet (Total records: 4391)
2026-02-27 22:17:01 [INFO] root: <<< CONVERTER COMPLETE >>>
2026-03-01 03:06:57 [INFO] root: Logging initialized. Writing to logs/converter.log
2026-03-01 03:06:57 [INFO] root: >>> STARTING PRIZEPICKS PROP CONVERTER <<<
2026-03-01 03:06:57 [INFO] root: Successfully converted PrizePicks props to input/props_today.csv (1033 rows)
2026-03-01 03:06:57 [INFO] root: Updated Master Prop History: master_prop_history.parquet (Total records: 5424)
2026-03-01 03:06:57 [INFO] root: <<< CONVERTER COMPLETE >>>
2026-03-01 21:35:55 [INFO] root: Logging initialized. Writing to logs/converter.log
2026-03-01 21:35:55 [INFO] root: >>> STARTING PRIZEPICKS PROP CONVERTER <<<
2026-03-01 21:35:55 [INFO] root: Successfully converted PrizePicks props to input/props_today.csv (284 rows)
2026-03-01 21:35:55 [INFO] root: Updated Master Prop History: master_prop_history.parquet (Total records: 5708)
2026-03-01 21:35:55 [INFO] root: <<< CONVERTER COMPLETE >>>
2026-03-02 22:59:48 [INFO] root: Logging initialized. Writing to logs/converter.log
2026-03-02 22:59:48 [INFO] root: >>> STARTING PRIZEPICKS PROP CONVERTER <<<
2026-03-02 22:59:48 [INFO] root: Successfully converted PrizePicks props to input/props_today.csv (809 rows)
2026-03-02 22:59:48 [INFO] root: Updated Master Prop History: master_prop_history.parquet (Total records: 6517)
2026-03-02 22:59:48 [INFO] root: <<< CONVERTER COMPLETE >>>
2026-03-03 11:53:11 [INFO] root: Logging initialized. Writing to logs/converter.log
2026-03-03 11:53:11 [INFO] root: >>> STARTING PRIZEPICKS PROP CONVERTER <<<
2026-03-03 11:53:11 [INFO] root: Successfully converted PrizePicks props to input/props_today.csv (969 rows)
2026-03-03 11:53:11 [INFO] root: Updated Master Prop History: master_prop_history.parquet (Total records: 6699)
2026-03-03 11:53:11 [INFO] root: <<< CONVERTER COMPLETE >>>
2026-03-03 23:36:22 [INFO] root: Logging initialized. Writing to logs/converter.log
2026-03-03 23:36:22 [INFO] root: >>> STARTING PRIZEPICKS PROP CONVERTER <<<
2026-03-03 23:36:22 [INFO] root: Successfully converted PrizePicks props to input/props_today.csv (520 rows)
2026-03-03 23:36:22 [INFO] root: Updated Master Prop History: master_prop_history.parquet (Total records: 7219)
2026-03-03 23:36:22 [INFO] root: <<< CONVERTER COMPLETE >>>
2026-03-04 13:21:43 [INFO] root: Logging initialized. Writing to logs/converter.log
2026-03-04 13:21:43 [INFO] root: >>> STARTING PRIZEPICKS PROP CONVERTER <<<
2026-03-04 13:21:43 [INFO] root: Successfully converted PrizePicks props to input/props_today.csv (550 rows)
2026-03-04 13:21:43 [INFO] root: Updated Master Prop History: master_prop_history.parquet (Total records: 7285)
2026-03-04 13:21:43 [INFO] root: <<< CONVERTER COMPLETE >>>
2026-03-06 14:19:25 [INFO] root: Logging initialized. Writing to logs/converter.log
2026-03-06 14:19:25 [INFO] root: >>> STARTING PRIZEPICKS PROP CONVERTER <<<
2026-03-06 14:19:25 [INFO] root: Successfully converted PrizePicks props to input/props_today.csv (806 rows)
2026-03-06 14:19:25 [INFO] root: Updated Master Prop History: master_prop_history.parquet (Total records: 8091)
2026-03-06 14:19:25 [INFO] root: <<< CONVERTER COMPLETE >>>
2026-03-06 14:20:21 [INFO] root: Logging initialized. Writing to logs/converter.log
2026-03-06 14:20:21 [INFO] root: >>> STARTING PRIZEPICKS PROP CONVERTER <<<
2026-03-06 14:20:21 [INFO] root: Successfully converted PrizePicks props to input/props_today.csv (823 rows)
2026-03-06 14:20:21 [INFO] root: Updated Master Prop History: master_prop_history.parquet (Total records: 8907)
2026-03-06 14:20:21 [INFO] root: <<< CONVERTER COMPLETE >>>
2026-03-06 14:21:52 [INFO] root: Logging initialized. Writing to logs/converter.log
2026-03-06 14:21:52 [INFO] root: >>> STARTING PRIZEPICKS PROP CONVERTER <<<
2026-03-06 14:21:52 [INFO] root: Successfully converted PrizePicks props to input/props_today.csv (806 rows)
2026-03-06 14:21:52 [INFO] root: Updated Master Prop History: master_prop_history.parquet (Total records: 8907)
2026-03-06 14:21:52 [INFO] root: <<< CONVERTER COMPLETE >>>
2026-03-06 14:25:10 [INFO] root: Logging initialized. Writing to logs/converter.log
2026-03-06 14:25:10 [INFO] root: >>> STARTING PRIZEPICKS PROP CONVERTER <<<
2026-03-06 14:25:10 [INFO] root: Successfully converted PrizePicks props to input/props_today.csv (823 rows)
2026-03-06 14:25:10 [INFO] root: Updated Master Prop History: master_prop_history.parquet (Total records: 8907)
2026-03-06 14:25:10 [INFO] root: <<< CONVERTER COMPLETE >>>
2026-03-07 00:54:50 [INFO] root: Logging initialized. Writing to logs/converter.log
2026-03-07 00:54:50 [INFO] root: >>> STARTING PRIZEPICKS PROP CONVERTER <<<
2026-03-07 00:54:50 [INFO] root: Successfully converted PrizePicks props to input/props_today.csv (484 rows)
2026-03-07 00:54:50 [INFO] root: Updated Master Prop History: master_prop_history.parquet (Total records: 9322)
2026-03-07 00:54:50 [INFO] root: <<< CONVERTER COMPLETE >>>
2026-03-07 21:15:47 [INFO] root: Logging initialized. Writing to logs/converter.log
2026-03-07 21:15:47 [INFO] root: >>> STARTING PRIZEPICKS PROP CONVERTER <<<
2026-03-07 21:15:47 [INFO] root: Successfully converted PrizePicks props to input/props_today.csv (659 rows)
2026-03-07 21:15:47 [INFO] root: Updated Master Prop History: master_prop_history.parquet (Total records: 9981)
2026-03-07 21:15:47 [INFO] root: <<< CONVERTER COMPLETE >>>
2026-03-07 21:22:18 [INFO] root: Logging initialized. Writing to logs/converter.log
2026-03-07 21:22:18 [INFO] root: >>> STARTING PRIZEPICKS PROP CONVERTER <<<
2026-03-07 21:22:18 [INFO] root: Successfully converted PrizePicks props to input/props_today.csv (674 rows)
2026-03-07 21:22:18 [INFO] root: Updated Master Prop History: master_prop_history.parquet (Total records: 9996)
2026-03-07 21:22:18 [INFO] root: <<< CONVERTER COMPLETE >>>
2026-03-08 22:12:49 [INFO] root: Logging initialized. Writing to logs/converter.log
2026-03-08 22:12:49 [INFO] root: >>> STARTING PRIZEPICKS PROP CONVERTER <<<
2026-03-08 22:12:49 [INFO] root: Successfully converted Underdog props to input/props_today.csv (161 rows)
2026-03-08 22:12:49 [INFO] root: Updated Master Prop History: master_prop_history.parquet (Total records: 10137)
2026-03-08 22:12:49 [INFO] root: <<< CONVERTER COMPLETE >>>
2026-03-08 22:18:39 [INFO] root: Logging initialized. Writing to logs/converter.log
2026-03-08 22:18:39 [INFO] root: >>> STARTING PRIZEPICKS PROP CONVERTER <<<
2026-03-08 22:18:39 [INFO] root: Successfully converted PrizePicks props to input/props_today.csv (341 rows)
2026-03-08 22:18:39 [INFO] root: Updated Master Prop History: master_prop_history.parquet (Total records: 10347)
2026-03-08 22:18:39 [INFO] root: <<< CONVERTER COMPLETE >>>
2026-03-08 22:33:28 [INFO] root: Logging initialized. Writing to logs/converter.log
2026-03-08 22:33:28 [INFO] root: >>> STARTING PRIZEPICKS PROP CONVERTER <<<
2026-03-08 22:33:28 [INFO] root: Successfully converted Underdog props to input/props_today.csv (161 rows)
2026-03-08 22:33:28 [INFO] root: Updated Master Prop History: master_prop_history.parquet (Total records: 10347)
2026-03-08 22:33:28 [INFO] root: <<< CONVERTER COMPLETE >>>
2026-03-08 22:34:10 [INFO] root: Logging initialized. Writing to logs/converter.log
2026-03-08 22:34:10 [INFO] root: >>> STARTING PRIZEPICKS PROP CONVERTER <<<
2026-03-08 22:34:10 [INFO] root: Successfully converted PrizePicks props to input/props_today.csv (341 rows)
2026-03-08 22:34:10 [INFO] root: Updated Master Prop History: master_prop_history.parquet (Total records: 10347)
2026-03-08 22:34:10 [INFO] root: <<< CONVERTER COMPLETE >>>
2026-03-09 22:39:29 [INFO] root: Logging initialized. Writing to logs/converter.log
2026-03-09 22:39:29 [INFO] root: >>> STARTING PRIZEPICKS PROP CONVERTER <<<
2026-03-09 22:39:29 [INFO] root: Successfully converted PrizePicks props to input/props_today.csv (770 rows)
2026-03-09 22:39:29 [INFO] root: Updated Master Prop History: master_prop_history.parquet (Total records: 11117)
2026-03-09 22:39:29 [INFO] root: <<< CONVERTER COMPLETE >>>
2026-03-10 22:44:46 [INFO] root: Logging initialized. Writing to logs/converter.log
2026-03-10 22:44:46 [INFO] root: >>> STARTING PRIZEPICKS PROP CONVERTER <<<
2026-03-10 22:44:46 [INFO] root: Successfully converted PrizePicks props to input/props_today.csv (302 rows)
2026-03-10 22:44:46 [INFO] root: Updated Master Prop History: master_prop_history.parquet (Total records: 11419)
2026-03-10 22:44:46 [INFO] root: <<< CONVERTER COMPLETE >>>
2026-03-11 23:55:30 [INFO] root: Logging initialized. Writing to logs/converter.log
2026-03-11 23:55:30 [INFO] root: >>> STARTING PRIZEPICKS PROP CONVERTER <<<
2026-03-11 23:55:30 [INFO] root: Successfully converted PrizePicks props to input/props_today.csv (679 rows)
2026-03-11 23:55:30 [INFO] root: Updated Master Prop History: master_prop_history.parquet (Total records: 12097)
2026-03-11 23:55:30 [INFO] root: <<< CONVERTER COMPLETE >>>
2026-03-11 23:56:24 [INFO] root: Logging initialized. Writing to logs/converter.log
2026-03-11 23:56:24 [INFO] root: >>> STARTING PRIZEPICKS PROP CONVERTER <<<
2026-03-11 23:56:24 [INFO] root: Successfully converted PrizePicks props to input/props_today.csv (678 rows)
2026-03-11 23:56:24 [INFO] root: Updated Master Prop History: master_prop_history.parquet (Total records: 12097)
2026-03-11 23:56:24 [INFO] root: <<< CONVERTER COMPLETE >>>
2026-03-13 04:11:19 [INFO] root: Logging initialized. Writing to logs/converter.log
2026-03-13 04:11:19 [INFO] root: >>> STARTING PRIZEPICKS PROP CONVERTER <<<
2026-03-13 04:11:19 [INFO] root: Successfully converted PrizePicks props to input/props_today.csv (632 rows)
2026-03-13 04:11:19 [INFO] root: Updated Master Prop History: master_prop_history.parquet (Total records: 12729)
2026-03-13 04:11:19 [INFO] root: <<< CONVERTER COMPLETE >>>
2026-03-13 23:48:36 [INFO] root: Logging initialized. Writing to logs/converter.log
2026-03-13 23:48:36 [INFO] root: >>> STARTING PRIZEPICKS PROP CONVERTER <<<
2026-03-13 23:48:36 [INFO] root: Successfully converted PrizePicks props to input/props_today.csv (532 rows)
2026-03-13 23:48:36 [INFO] root: Updated Master Prop History: master_prop_history.parquet (Total records: 13261)
2026-03-13 23:48:36 [INFO] root: <<< CONVERTER COMPLETE >>>
2026-03-14 22:27:05 [INFO] root: Logging initialized. Writing to logs/converter.log
2026-03-14 22:27:05 [INFO] root: >>> STARTING PRIZEPICKS PROP CONVERTER <<<
2026-03-14 22:27:05 [INFO] root: Successfully converted PrizePicks props to input/props_today.csv (570 rows)
2026-03-14 22:27:05 [INFO] root: Updated Master Prop History: master_prop_history.parquet (Total records: 13831)
2026-03-14 22:27:05 [INFO] root: <<< CONVERTER COMPLETE >>>
2026-03-15 22:33:46 [INFO] root: Logging initialized. Writing to logs/converter.log
2026-03-15 22:33:46 [INFO] root: >>> STARTING PRIZEPICKS PROP CONVERTER <<<
2026-03-15 22:33:46 [INFO] root: Successfully converted PrizePicks props to input/props_today.csv (497 rows)
2026-03-15 22:33:46 [INFO] root: Updated Master Prop History: master_prop_history.parquet (Total records: 14328)
2026-03-15 22:33:46 [INFO] root: <<< CONVERTER COMPLETE >>>
2026-03-17 13:27:28 [INFO] root: Logging initialized. Writing to logs/converter.log
2026-03-17 13:27:28 [INFO] root: >>> STARTING PRIZEPICKS PROP CONVERTER <<<
2026-03-17 13:27:28 [INFO] root: Successfully converted PrizePicks props to input/props_today.csv (704 rows)
2026-03-17 13:27:28 [INFO] root: Updated Master Prop History: master_prop_history.parquet (Total records: 15031)
2026-03-17 13:27:28 [INFO] root: <<< CONVERTER COMPLETE >>>
2026-03-18 00:05:44 [INFO] root: Logging initialized. Writing to logs/converter.log
2026-03-18 00:05:44 [INFO] root: >>> STARTING PRIZEPICKS PROP CONVERTER <<<
2026-03-18 00:05:44 [INFO] root: Successfully converted PrizePicks props to input/props_today.csv (666 rows)
2026-03-18 00:05:44 [INFO] root: Updated Master Prop History: master_prop_history.parquet (Total records: 15697)
2026-03-18 00:05:44 [INFO] root: <<< CONVERTER COMPLETE >>>
2026-03-19 00:54:56 [INFO] root: Logging initialized. Writing to logs/converter.log
2026-03-19 00:54:56 [INFO] root: >>> STARTING PRIZEPICKS PROP CONVERTER <<<
2026-03-19 00:54:56 [INFO] root: Successfully converted PrizePicks props to input/props_today.csv (695 rows)
2026-03-19 00:54:56 [INFO] root: Updated Master Prop History: master_prop_history.parquet (Total records: 16392)
2026-03-19 00:54:56 [INFO] root: <<< CONVERTER COMPLETE >>>
2026-03-19 22:08:35 [INFO] root: Logging initialized. Writing to logs/converter.log
2026-03-19 22:08:35 [INFO] root: >>> STARTING PRIZEPICKS PROP CONVERTER <<<
2026-03-19 22:08:36 [INFO] root: Successfully converted PrizePicks props to input/props_today.csv (430 rows)
2026-03-19 22:08:36 [INFO] root: Updated Master Prop History: master_prop_history.parquet (Total records: 16822)
2026-03-19 22:08:36 [INFO] root: <<< CONVERTER COMPLETE >>>
2026-03-20 15:55:54 [INFO] root: Logging initialized. Writing to logs/converter.log
2026-03-20 15:55:54 [INFO] root: >>> STARTING PRIZEPICKS PROP CONVERTER <<<
2026-03-20 15:55:54 [INFO] root: Successfully converted Underdog props to input/props_today.csv (427 rows)
2026-03-20 15:55:54 [INFO] root: Updated Master Prop History: master_prop_history.parquet (Total records: 16945)
2026-03-20 15:55:54 [INFO] root: <<< CONVERTER COMPLETE >>>
2026-03-20 15:57:03 [INFO] root: Logging initialized. Writing to logs/converter.log
2026-03-20 15:57:03 [INFO] root: >>> STARTING PRIZEPICKS PROP CONVERTER <<<
2026-03-20 15:57:03 [INFO] root: Successfully converted PrizePicks props to input/props_today.csv (430 rows)
2026-03-20 15:57:03 [INFO] root: Updated Master Prop History: master_prop_history.parquet (Total records: 16945)
2026-03-20 15:57:03 [INFO] root: <<< CONVERTER COMPLETE >>>
2026-03-20 15:58:18 [INFO] root: Logging initialized. Writing to logs/converter.log
2026-03-20 15:58:18 [INFO] root: >>> STARTING PRIZEPICKS PROP CONVERTER <<<
2026-03-20 15:58:18 [INFO] root: Successfully converted Underdog props to input/props_today.csv (427 rows)
2026-03-20 15:58:18 [INFO] root: Updated Master Prop History: master_prop_history.parquet (Total records: 16945)
2026-03-20 15:58:18 [INFO] root: <<< CONVERTER COMPLETE >>>
2026-03-20 16:05:34 [INFO] root: Logging initialized. Writing to logs/converter.log
2026-03-20 16:05:34 [INFO] root: >>> STARTING PRIZEPICKS PROP CONVERTER <<<
2026-03-20 16:05:34 [INFO] root: Successfully converted PrizePicks props to input/props_today.csv (430 rows)
2026-03-20 16:05:34 [INFO] root: Updated Master Prop History: master_prop_history.parquet (Total records: 16945)
2026-03-20 16:05:34 [INFO] root: <<< CONVERTER COMPLETE >>>
2026-03-20 16:06:48 [INFO] root: Logging initialized. Writing to logs/converter.log
2026-03-20 16:06:48 [INFO] root: >>> STARTING PRIZEPICKS PROP CONVERTER <<<
2026-03-20 16:06:48 [INFO] root: Successfully converted Underdog props to input/props_today.csv (427 rows)
2026-03-20 16:06:48 [INFO] root: Updated Master Prop History: master_prop_history.parquet (Total records: 16945)
2026-03-20 16:06:48 [INFO] root: <<< CONVERTER COMPLETE >>>
2026-03-20 21:45:26 [INFO] root: Logging initialized. Writing to logs/converter.log
2026-03-20 21:45:26 [INFO] root: >>> STARTING PRIZEPICKS PROP CONVERTER <<<
2026-03-20 21:45:26 [INFO] root: Successfully converted PrizePicks props to input/props_today.csv (739 rows)
2026-03-20 21:45:26 [INFO] root: Updated Master Prop History: master_prop_history.parquet (Total records: 17684)
2026-03-20 21:45:26 [INFO] root: <<< CONVERTER COMPLETE >>>
2026-03-22 03:19:34 [INFO] root: Logging initialized. Writing to logs/converter.log
2026-03-22 03:19:34 [INFO] root: >>> STARTING PRIZEPICKS PROP CONVERTER <<<
2026-03-22 03:19:34 [INFO] root: Successfully converted PrizePicks props to input/props_today.csv (443 rows)
2026-03-22 03:19:34 [INFO] root: Updated Master Prop History: master_prop_history.parquet (Total records: 18127)
2026-03-22 03:19:34 [INFO] root: <<< CONVERTER COMPLETE >>>
2026-03-23 01:24:41 [INFO] root: Logging initialized. Writing to logs/converter.log
2026-03-23 01:24:41 [INFO] root: >>> STARTING PRIZEPICKS PROP CONVERTER <<<
2026-03-23 01:24:41 [INFO] root: Successfully converted PrizePicks props to input/props_today.csv (789 rows)
2026-03-23 01:24:41 [INFO] root: Updated Master Prop History: master_prop_history.parquet (Total records: 18916)
2026-03-23 01:24:41 [INFO] root: <<< CONVERTER COMPLETE >>>
