2026-02-22 13:10:22 [INFO] root: Logging initialized. Writing to logs/grading.log
2026-02-22 13:10:22 [INFO] root: Loading historical data for grading...
2026-02-22 13:10:22 [INFO] root: Grading 163 predictions...
2026-02-22 13:10:24 [INFO] root: ----------------------------------------
2026-02-22 13:10:24 [INFO] root: >>> GRADING REPORT <<<
2026-02-22 13:10:24 [INFO] root: ----------------------------------------
2026-02-22 13:10:24 [INFO] root: Saved graded results for 2026-02-22
2026-02-22 13:11:07 [INFO] root: Logging initialized. Writing to logs/grading.log
2026-02-22 13:11:07 [INFO] root: Loading historical data for grading...
2026-02-22 13:11:07 [INFO] root: Grading 163 predictions...
2026-02-22 13:11:09 [INFO] root: ----------------------------------------
2026-02-22 13:11:09 [INFO] root: >>> GRADING REPORT <<<
2026-02-22 13:11:09 [INFO] root: ----------------------------------------
2026-02-22 13:11:09 [INFO] root: Saved graded results for 2026-02-22
2026-02-22 13:19:30 [INFO] root: Logging initialized. Writing to logs/grading.log
2026-02-22 13:19:30 [INFO] root: Loading historical data for grading...
2026-02-22 13:19:30 [INFO] root: Grading 163 predictions...
2026-02-22 13:19:32 [INFO] root: ----------------------------------------
2026-02-22 13:19:32 [INFO] root: >>> GRADING REPORT <<<
2026-02-22 13:19:32 [INFO] root: >>> CATEGORY HIT RATES <<<
2026-02-22 13:20:53 [INFO] root: Logging initialized. Writing to logs/grading.log
2026-02-22 13:20:53 [INFO] root: Loading historical data for grading...
2026-02-22 13:20:53 [INFO] root: Grading 163 predictions...
2026-02-22 13:20:54 [INFO] root: ----------------------------------------
2026-02-22 13:20:54 [INFO] root: >>> GRADING REPORT <<<
2026-02-22 13:20:54 [INFO] root: >>> CATEGORY HIT RATES <<<
2026-02-22 13:20:54 [INFO] root: ----------------------------------------
2026-02-22 13:20:54 [INFO] root: Saved graded results for 2026-02-22
2026-02-22 13:21:18 [INFO] root: Logging initialized. Writing to logs/grading.log
2026-02-22 13:21:18 [INFO] root: Loading historical data for grading...
2026-02-22 13:21:19 [INFO] root: Grading 163 predictions...
2026-02-22 13:21:20 [INFO] root: ----------------------------------------
2026-02-22 13:21:20 [INFO] root: >>> GRADING REPORT <<<
2026-02-22 13:21:20 [INFO] root: >>> CATEGORY HIT RATES <<<
2026-02-22 13:21:20 [INFO] root: ----------------------------------------
2026-02-22 13:21:20 [INFO] root: Saved graded results for 2026-02-22
2026-02-22 13:25:27 [INFO] root: Logging initialized. Writing to logs/grading.log
2026-02-22 13:25:27 [INFO] root: Loading historical data for grading...
2026-02-22 13:25:45 [INFO] root: Logging initialized. Writing to logs/grading.log
2026-02-22 13:25:45 [INFO] root: Loading historical data for grading...
2026-02-22 13:25:45 [INFO] root: Grading 163 predictions...
2026-02-22 13:25:47 [INFO] root: ----------------------------------------
2026-02-22 13:25:47 [INFO] root: >>> GRADING REPORT <<<
2026-02-22 13:25:47 [INFO] root: >>> CATEGORY HIT RATES <<<
2026-02-22 13:25:47 [INFO] root: ----------------------------------------
2026-02-22 13:25:47 [INFO] root: Saved graded results for 2026-02-22
2026-02-22 14:18:12 [INFO] root: Logging initialized. Writing to logs/grading.log
2026-02-22 14:18:12 [INFO] root: Loading historical data for grading...
2026-02-22 14:18:12 [INFO] root: Grading 163 predictions...
2026-02-22 14:18:13 [INFO] root: ----------------------------------------
2026-02-22 14:18:13 [INFO] root: >>> GRADING REPORT <<<
2026-02-22 14:18:13 [INFO] root: >>> CATEGORY HIT RATES <<<
2026-02-22 14:18:13 [INFO] root: ----------------------------------------
2026-02-22 14:18:14 [INFO] root: Saved graded results for 2026-02-22
2026-02-22 16:02:47 [INFO] root: Logging initialized. Writing to logs/grading.log
2026-02-22 16:02:47 [INFO] root: Loading historical data for grading...
2026-02-22 16:02:47 [INFO] root: Grading 159 predictions...
2026-02-22 16:02:47 [INFO] root: ----------------------------------------
2026-02-22 16:02:47 [INFO] root: >>> GRADING REPORT <<<
2026-02-22 16:02:47 [INFO] root: >>> CATEGORY HIT RATES <<<
2026-02-22 16:02:47 [INFO] root: ----------------------------------------
2026-02-22 16:02:47 [INFO] root: Saved graded results for 2026-02-22
