2026-03-06 23:12:27 [INFO] root: Logging initialized. Writing to logs/run_meta_training_script.log
2026-03-06 23:12:27 [INFO] root: Training Error-Prediction Meta-Model...
2026-03-06 23:12:27 [WARNING] root: Graded history missing critical columns: ['Pick']
2026-03-06 23:12:27 [INFO] root: Meta-Model training aborted due to lack of data.
2026-03-06 23:20:34 [INFO] root: Logging initialized. Writing to logs/run_meta_training_script.log
2026-03-06 23:20:34 [INFO] root: Training Error-Prediction Meta-Model...
2026-03-06 23:20:34 [INFO] root: Meta-Model AUC: 0.548
2026-03-06 23:20:34 [INFO] root: 
              precision    recall  f1-score   support

           0       0.49      0.48      0.48       613
           1       0.59      0.60      0.59       765

    accuracy                           0.54      1378
   macro avg       0.54      0.54      0.54      1378
weighted avg       0.54      0.54      0.54      1378

2026-03-06 23:20:34 [INFO] root: Saved versioned artifacts for META_CALIBRATOR to model_META_CALIBRATOR_latest.pkl
2026-03-06 23:20:34 [INFO] root: Meta-model saved successfully.
2026-03-07 11:37:17 [INFO] root: Logging initialized. Writing to logs/run_meta_training_script.log
2026-03-07 11:37:17 [INFO] root: Training Error-Prediction Meta-Model...
2026-03-07 11:37:18 [INFO] root: Meta-Model AUC: 0.498
2026-03-07 11:37:18 [INFO] root: 
              precision    recall  f1-score   support

           0       0.00      0.00      0.00       674
           1       0.51      1.00      0.68       704

    accuracy                           0.51      1378
   macro avg       0.26      0.50      0.34      1378
weighted avg       0.26      0.51      0.34      1378

2026-03-07 11:37:18 [INFO] root: Saved versioned artifacts for META_CALIBRATOR to model_META_CALIBRATOR_latest.pkl
2026-03-07 11:37:18 [INFO] root: Meta-model saved successfully.
2026-03-07 13:13:59 [INFO] root: Logging initialized. Writing to logs/run_meta_training_script.log
2026-03-07 13:13:59 [INFO] root: Training Error-Prediction Meta-Model...
2026-03-07 13:14:00 [INFO] root: Meta-Model AUC: 0.498
2026-03-07 13:14:00 [INFO] root: 
              precision    recall  f1-score   support

           0       0.00      0.00      0.00       674
           1       0.51      1.00      0.68       704

    accuracy                           0.51      1378
   macro avg       0.26      0.50      0.34      1378
weighted avg       0.26      0.51      0.34      1378

2026-03-07 13:14:00 [INFO] root: Saved versioned artifacts for META_CALIBRATOR to model_META_CALIBRATOR_latest.pkl
2026-03-07 13:14:00 [INFO] root: Meta-model saved successfully.
2026-03-07 13:23:06 [INFO] root: Logging initialized. Writing to logs/run_meta_training_script.log
2026-03-07 13:23:06 [INFO] root: Training Error-Prediction Meta-Model...
2026-03-07 13:23:07 [INFO] root: Meta-Model AUC: 0.498
2026-03-07 13:23:07 [INFO] root: 
              precision    recall  f1-score   support

           0       0.00      0.00      0.00       674
           1       0.51      1.00      0.68       704

    accuracy                           0.51      1378
   macro avg       0.26      0.50      0.34      1378
weighted avg       0.26      0.51      0.34      1378

2026-03-07 13:23:07 [INFO] root: Saved versioned artifacts for META_CALIBRATOR to model_META_CALIBRATOR_latest.pkl
2026-03-07 13:23:07 [INFO] root: Meta-model saved successfully.
2026-03-07 16:30:23 [INFO] root: Logging initialized. Writing to logs/run_meta_training_script.log
2026-03-07 16:30:23 [INFO] root: Training Error-Prediction Meta-Model...
2026-03-07 16:30:23 [INFO] root: Meta-Model AUC: 0.498
2026-03-07 16:30:23 [INFO] root: 
              precision    recall  f1-score   support

           0       0.00      0.00      0.00       674
           1       0.51      1.00      0.68       704

    accuracy                           0.51      1378
   macro avg       0.26      0.50      0.34      1378
weighted avg       0.26      0.51      0.34      1378

2026-03-07 16:30:23 [INFO] root: Saved versioned artifacts for META_CALIBRATOR to model_META_CALIBRATOR_latest.pkl
2026-03-07 16:30:23 [INFO] root: Meta-model saved successfully.
2026-03-08 22:07:43 [INFO] root: Logging initialized. Writing to logs/run_meta_training_script.log
2026-03-08 22:07:43 [INFO] root: Training Error-Prediction Meta-Model...
2026-03-08 22:07:44 [INFO] root: Meta-Model AUC: 0.529
2026-03-08 22:07:44 [INFO] root: 
              precision    recall  f1-score   support

           0       0.53      0.08      0.15       746
           1       0.54      0.94      0.69       872

    accuracy                           0.54      1618
   macro avg       0.54      0.51      0.42      1618
weighted avg       0.54      0.54      0.44      1618

2026-03-08 22:07:44 [INFO] root: Saved versioned artifacts for META_CALIBRATOR to model_META_CALIBRATOR_latest.pkl
2026-03-08 22:07:44 [INFO] root: Meta-model saved successfully.
2026-03-09 22:38:22 [INFO] root: Logging initialized. Writing to logs/run_meta_training_script.log
2026-03-09 22:38:22 [INFO] root: Training Error-Prediction Meta-Model...
2026-03-09 22:38:22 [INFO] root: Meta-Model AUC: 0.522
2026-03-09 22:38:22 [INFO] root: 
              precision    recall  f1-score   support

           0       0.62      0.03      0.06       763
           1       0.55      0.98      0.70       911

    accuracy                           0.55      1674
   macro avg       0.58      0.51      0.38      1674
weighted avg       0.58      0.55      0.41      1674

2026-03-09 22:38:22 [INFO] root: Saved versioned artifacts for META_CALIBRATOR to model_META_CALIBRATOR_latest.pkl
2026-03-09 22:38:22 [INFO] root: Meta-model saved successfully.
2026-03-10 16:07:32 [INFO] root: Logging initialized. Writing to logs/run_meta_training_script.log
2026-03-10 16:07:32 [INFO] root: Training Error-Prediction Meta-Model...
2026-03-10 16:07:33 [INFO] root: Meta-Model AUC: 0.522
2026-03-10 16:07:33 [INFO] root: 
              precision    recall  f1-score   support

           0       0.62      0.03      0.06       763
           1       0.55      0.98      0.70       911

    accuracy                           0.55      1674
   macro avg       0.58      0.51      0.38      1674
weighted avg       0.58      0.55      0.41      1674

2026-03-10 16:07:33 [INFO] root: Saved versioned artifacts for META_CALIBRATOR to model_META_CALIBRATOR_latest.pkl
2026-03-10 16:07:33 [INFO] root: Meta-model saved successfully.
2026-03-10 22:42:28 [INFO] root: Logging initialized. Writing to logs/run_meta_training_script.log
2026-03-10 22:42:28 [INFO] root: Training Error-Prediction Meta-Model...
2026-03-10 22:42:29 [INFO] root: Meta-Model AUC: 0.532
2026-03-10 22:42:29 [INFO] root: 
              precision    recall  f1-score   support

           0       0.00      0.00      0.00       818
           1       0.55      1.00      0.71       989

    accuracy                           0.55      1807
   macro avg       0.27      0.50      0.35      1807
weighted avg       0.30      0.55      0.39      1807

2026-03-10 22:42:29 [INFO] root: Saved versioned artifacts for META_CALIBRATOR to model_META_CALIBRATOR_latest.pkl
2026-03-10 22:42:29 [INFO] root: Meta-model saved successfully.
2026-03-11 23:54:22 [INFO] root: Logging initialized. Writing to logs/run_meta_training_script.log
2026-03-11 23:54:22 [INFO] root: Training Error-Prediction Meta-Model...
2026-03-11 23:54:22 [INFO] root: Meta-Model AUC: 0.533
2026-03-11 23:54:22 [INFO] root: 
              precision    recall  f1-score   support

           0       1.00      0.01      0.01       838
           1       0.55      1.00      0.71      1019

    accuracy                           0.55      1857
   macro avg       0.78      0.50      0.36      1857
weighted avg       0.75      0.55      0.39      1857

2026-03-11 23:54:22 [INFO] root: Saved versioned artifacts for META_CALIBRATOR to model_META_CALIBRATOR_latest.pkl
2026-03-11 23:54:22 [INFO] root: Meta-model saved successfully.
2026-03-13 04:10:19 [INFO] root: Logging initialized. Writing to logs/run_meta_training_script.log
2026-03-13 04:10:19 [INFO] root: Training Error-Prediction Meta-Model...
2026-03-13 04:10:20 [INFO] root: Meta-Model AUC: 0.547
2026-03-13 04:10:20 [INFO] root: 
              precision    recall  f1-score   support

           0       0.83      0.01      0.02       884
           1       0.55      1.00      0.71      1080

    accuracy                           0.55      1964
   macro avg       0.69      0.50      0.37      1964
weighted avg       0.68      0.55      0.40      1964

2026-03-13 04:10:20 [INFO] root: Saved versioned artifacts for META_CALIBRATOR to model_META_CALIBRATOR_latest.pkl
2026-03-13 04:10:20 [INFO] root: Meta-model saved successfully.
2026-03-13 23:47:10 [INFO] root: Logging initialized. Writing to logs/run_meta_training_script.log
2026-03-13 23:47:10 [INFO] root: Training Error-Prediction Meta-Model...
2026-03-13 23:47:11 [INFO] root: Meta-Model AUC: 0.560
2026-03-13 23:47:11 [INFO] root: 
              precision    recall  f1-score   support

           0       0.50      0.01      0.02       978
           1       0.53      0.99      0.69      1088

    accuracy                           0.53      2066
   macro avg       0.51      0.50      0.35      2066
weighted avg       0.51      0.53      0.37      2066

2026-03-13 23:47:11 [INFO] root: Saved versioned artifacts for META_CALIBRATOR to model_META_CALIBRATOR_latest.pkl
2026-03-13 23:47:11 [INFO] root: Meta-model saved successfully.
2026-03-17 13:26:35 [INFO] root: Logging initialized. Writing to logs/run_meta_training_script.log
2026-03-17 13:26:35 [INFO] root: Training Error-Prediction Meta-Model...
2026-03-17 13:26:36 [INFO] root: Meta-Model AUC: 0.555
2026-03-17 13:26:36 [INFO] root: 
              precision    recall  f1-score   support

           0       0.47      0.04      0.08      1132
           1       0.52      0.96      0.67      1213

    accuracy                           0.52      2345
   macro avg       0.50      0.50      0.37      2345
weighted avg       0.50      0.52      0.38      2345

2026-03-17 13:26:36 [INFO] root: Saved versioned artifacts for META_CALIBRATOR to model_META_CALIBRATOR_latest.pkl
2026-03-17 13:26:36 [INFO] root: Meta-model saved successfully.
2026-03-17 23:51:49 [INFO] root: Logging initialized. Writing to logs/run_meta_training_script.log
2026-03-17 23:51:49 [INFO] root: Training Error-Prediction Meta-Model...
2026-03-17 23:51:50 [INFO] root: Meta-Model AUC: 0.562
2026-03-17 23:51:50 [INFO] root: 
              precision    recall  f1-score   support

           0       0.53      0.03      0.06      1193
           1       0.52      0.97      0.68      1274

    accuracy                           0.52      2467
   macro avg       0.53      0.50      0.37      2467
weighted avg       0.53      0.52      0.38      2467

2026-03-17 23:51:50 [INFO] root: Saved versioned artifacts for META_CALIBRATOR to model_META_CALIBRATOR_latest.pkl
2026-03-17 23:51:50 [INFO] root: Meta-model saved successfully.
2026-03-19 00:50:54 [INFO] root: Logging initialized. Writing to logs/run_meta_training_script.log
2026-03-19 00:50:54 [INFO] root: Training Error-Prediction Meta-Model...
2026-03-19 00:50:55 [INFO] root: Meta-Model AUC: 0.543
2026-03-19 00:50:55 [INFO] root: 
              precision    recall  f1-score   support

           0       0.58      0.04      0.08      1178
           1       0.55      0.97      0.70      1406

    accuracy                           0.55      2584
   macro avg       0.57      0.51      0.39      2584
weighted avg       0.56      0.55      0.42      2584

2026-03-19 00:50:55 [INFO] root: Saved versioned artifacts for META_CALIBRATOR to model_META_CALIBRATOR_latest.pkl
2026-03-19 00:50:55 [INFO] root: Meta-model saved successfully.
2026-03-19 21:55:22 [INFO] root: Logging initialized. Writing to logs/run_meta_training_script.log
2026-03-19 21:55:22 [INFO] root: Training Error-Prediction Meta-Model...
2026-03-19 21:55:23 [INFO] root: Meta-Model AUC: 0.527
2026-03-19 21:55:23 [INFO] root: 
              precision    recall  f1-score   support

           0       0.58      0.04      0.07      1224
           1       0.55      0.98      0.70      1470

    accuracy                           0.55      2694
   macro avg       0.57      0.51      0.39      2694
weighted avg       0.57      0.55      0.42      2694

2026-03-19 21:55:23 [INFO] root: Saved versioned artifacts for META_CALIBRATOR to model_META_CALIBRATOR_latest.pkl
2026-03-19 21:55:23 [INFO] root: Meta-model saved successfully.
2026-03-19 22:07:06 [INFO] root: Logging initialized. Writing to logs/run_meta_training_script.log
2026-03-19 22:07:06 [INFO] root: Training Error-Prediction Meta-Model...
2026-03-19 22:07:07 [INFO] root: Calibrating probabilities using method: isotonic (Training size: 10772)
2026-03-19 22:07:07 [INFO] root: Meta-Model AUC: 0.524
2026-03-19 22:07:07 [INFO] root: 
              precision    recall  f1-score   support

           0       0.54      0.06      0.11      1224
           1       0.55      0.96      0.70      1470

    accuracy                           0.55      2694
   macro avg       0.54      0.51      0.40      2694
weighted avg       0.54      0.55      0.43      2694

2026-03-19 22:07:07 [INFO] root: Saved versioned artifacts for META_CALIBRATOR to model_META_CALIBRATOR_latest.pkl
2026-03-19 22:07:07 [INFO] root: Meta-model saved successfully.
2026-03-20 20:51:36 [INFO] root: Logging initialized. Writing to logs/run_meta_training_script.log
2026-03-20 20:51:36 [INFO] root: Training Error-Prediction Meta-Model...
2026-03-20 20:51:37 [INFO] root: Calibrating probabilities using method: isotonic (Training size: 11107)
2026-03-20 20:51:37 [INFO] root: Meta-Model AUC: 0.524
2026-03-20 20:51:37 [INFO] root: 
              precision    recall  f1-score   support

           0       0.51      0.09      0.15      1274
           1       0.55      0.93      0.69      1503

    accuracy                           0.54      2777
   macro avg       0.53      0.51      0.42      2777
weighted avg       0.53      0.54      0.44      2777

2026-03-20 20:51:37 [INFO] root: Saved versioned artifacts for META_CALIBRATOR to model_META_CALIBRATOR_latest.pkl
2026-03-20 20:51:37 [INFO] root: Meta-model saved successfully.
2026-03-22 03:18:47 [INFO] root: Logging initialized. Writing to logs/run_meta_training_script.log
2026-03-22 03:18:47 [INFO] root: Training Error-Prediction Meta-Model...
2026-03-22 03:18:48 [INFO] root: Calibrating probabilities using method: isotonic (Training size: 11612)
2026-03-22 03:18:48 [INFO] root: Meta-Model AUC: 0.528
2026-03-22 03:18:48 [INFO] root: 
              precision    recall  f1-score   support

           0       0.52      0.07      0.12      1335
           1       0.54      0.95      0.69      1569

    accuracy                           0.54      2904
   macro avg       0.53      0.51      0.40      2904
weighted avg       0.53      0.54      0.43      2904

2026-03-22 03:18:48 [INFO] root: Saved versioned artifacts for META_CALIBRATOR to model_META_CALIBRATOR_latest.pkl
2026-03-22 03:18:48 [INFO] root: Meta-model saved successfully.
2026-03-23 23:56:52 [INFO] root: Logging initialized. Writing to logs/run_meta_training_script.log
2026-03-23 23:56:52 [INFO] root: Training Error-Prediction Meta-Model...
2026-03-23 23:56:53 [INFO] root: Calibrating probabilities using method: isotonic (Training size: 12440)
2026-03-23 23:56:53 [INFO] root: Meta-Model AUC: 0.522
2026-03-23 23:56:53 [INFO] root: 
              precision    recall  f1-score   support

           0       0.51      0.10      0.16      1428
           1       0.55      0.92      0.68      1682

    accuracy                           0.54      3110
   macro avg       0.53      0.51      0.42      3110
weighted avg       0.53      0.54      0.44      3110

2026-03-23 23:56:53 [INFO] root: Saved versioned artifacts for META_CALIBRATOR to model_META_CALIBRATOR_latest.pkl
2026-03-23 23:56:53 [INFO] root: Meta-model saved successfully.
2026-03-24 22:46:39 [INFO] root: Logging initialized. Writing to logs/run_meta_training_script.log
2026-03-24 22:46:39 [INFO] root: Training Error-Prediction Meta-Model...
2026-03-24 22:46:41 [INFO] root: Calibrating probabilities using method: isotonic (Training size: 12720)
2026-03-24 22:46:41 [INFO] root: Meta-Model AUC: 0.517
2026-03-24 22:46:41 [INFO] root: 
              precision    recall  f1-score   support

           0       0.54      0.10      0.18      1471
           1       0.55      0.92      0.69      1710

    accuracy                           0.55      3181
   macro avg       0.54      0.51      0.43      3181
weighted avg       0.54      0.55      0.45      3181

2026-03-24 22:46:41 [INFO] root: Saved versioned artifacts for META_CALIBRATOR to model_META_CALIBRATOR_latest.pkl
2026-03-24 22:46:41 [INFO] root: Meta-model saved successfully.
2026-03-25 23:19:44 [INFO] root: Logging initialized. Writing to logs/run_meta_training_script.log
2026-03-25 23:19:44 [INFO] root: Training Error-Prediction Meta-Model...
2026-03-25 23:19:46 [INFO] root: Calibrating probabilities using method: isotonic (Training size: 13287)
2026-03-25 23:19:46 [INFO] root: Meta-Model AUC: 0.514
2026-03-25 23:19:46 [INFO] root: 
              precision    recall  f1-score   support

           0       0.54      0.07      0.12      1579
           1       0.53      0.95      0.68      1743

    accuracy                           0.53      3322
   macro avg       0.53      0.51      0.40      3322
weighted avg       0.53      0.53      0.42      3322

2026-03-25 23:19:46 [INFO] root: Saved versioned artifacts for META_CALIBRATOR to model_META_CALIBRATOR_latest.pkl
2026-03-25 23:19:46 [INFO] root: Meta-model saved successfully.
