2026-02-21 18:48:52 [INFO] root: Logging initialized. Writing to logs/scraper.log
2026-02-21 18:48:52 [INFO] root: >>> STARTING DATA SCRAPER <<<
2026-02-21 18:48:52 [INFO] root: ========= STARTING NBA DATA SCRAPER (ESPN + PRA FOCUSED) =========
2026-02-21 18:48:52 [INFO] root: --- Processing Season: 2024-25 (Live: False) ---
2026-02-21 18:48:52 [INFO] root: Fetching [BBall-Ref] NBA Player Per Game Averages.csv...
2026-02-21 18:48:52 [INFO] root: Fetching [BBall-Ref] NBA Player Advanced Stats.csv...
2026-02-21 18:48:54 [INFO] root: Successfully saved prop_data/2024-25/NBA Player Advanced Stats.parquet
2026-02-21 18:48:54 [INFO] root: Successfully saved prop_data/2024-25/NBA Player Per Game Averages.parquet
2026-02-21 18:48:56 [INFO] root: --- Fetching ESPN Box Scores (Incremental) for 2024-25 ---
2026-02-21 18:48:57 [INFO] root: Queued 183 new days to fetch from ESPN.
2026-02-21 18:49:34 [INFO] root:   Fetches complete: 10/183
2026-02-21 18:50:27 [INFO] root:   Fetches complete: 20/183
2026-02-21 18:51:16 [INFO] root:   Fetches complete: 30/183
2026-02-21 18:52:00 [INFO] root:   Fetches complete: 40/183
2026-02-21 18:52:52 [INFO] root:   Fetches complete: 50/183
2026-02-21 18:53:13 [INFO] root:   Fetches complete: 60/183
2026-02-21 18:54:01 [INFO] root:   Fetches complete: 70/183
2026-02-21 18:54:47 [INFO] root:   Fetches complete: 80/183
2026-02-21 18:55:35 [INFO] root:   Fetches complete: 90/183
2026-02-21 18:56:21 [INFO] root:   Fetches complete: 100/183
2026-02-21 18:57:14 [INFO] root:   Fetches complete: 110/183
2026-02-21 18:57:50 [INFO] root:   Fetches complete: 120/183
2026-02-21 18:58:27 [INFO] root:   Fetches complete: 130/183
2026-02-21 18:59:15 [INFO] root:   Fetches complete: 140/183
2026-02-21 19:00:06 [INFO] root:   Fetches complete: 150/183
2026-02-21 19:00:58 [INFO] root:   Fetches complete: 160/183
2026-02-21 19:01:45 [INFO] root:   Fetches complete: 170/183
2026-02-21 19:02:23 [INFO] root:   Fetches complete: 180/183
2026-02-21 19:02:30 [INFO] root: Successfully saved prop_data/2024-25/NBA Player Box Scores.parquet
2026-02-21 19:02:30 [INFO] root: Updated aggregated box scores. Total rows: 26754
2026-02-21 19:02:30 [INFO] root: Fetching [TeamRankings] NBA Team Points per Game...
2026-02-21 19:02:30 [INFO] root: Fetching [TeamRankings] NBA Team Offensive Efficiency...
2026-02-21 19:02:30 [INFO] root: Fetching [TeamRankings] NBA Team Defensive Efficiency...
2026-02-21 19:02:30 [INFO] root: Fetching [TeamRankings] NBA Team Shooting %...
2026-02-21 19:02:31 [INFO] root: Successfully saved prop_data/2024-25/NBA Team Offensive Efficiency.parquet
2026-02-21 19:02:31 [INFO] root: Successfully saved prop_data/2024-25/NBA Team Points per Game.parquet
2026-02-21 19:02:31 [INFO] root: Successfully saved prop_data/2024-25/NBA Team Defensive Efficiency.parquet
2026-02-21 19:02:31 [INFO] root: Successfully saved prop_data/2024-25/NBA Team Shooting %.parquet
2026-02-21 19:02:33 [INFO] root: Fetching [TeamRankings] NBA Team Effective Field Goal %...
2026-02-21 19:02:33 [INFO] root: Fetching [TeamRankings] NBA Team True Shooting %...
2026-02-21 19:02:33 [INFO] root: Fetching [TeamRankings] NBA Team Total Rebounds per Game...
2026-02-21 19:02:33 [INFO] root: Successfully saved prop_data/2024-25/NBA Team Effective Field Goal %.parquet
2026-02-21 19:02:33 [INFO] root: Fetching [TeamRankings] NBA Team Assists per Game...
2026-02-21 19:02:33 [INFO] root: Successfully saved prop_data/2024-25/NBA Team True Shooting %.parquet
2026-02-21 19:02:33 [INFO] root: Successfully saved prop_data/2024-25/NBA Team Total Rebounds per Game.parquet
2026-02-21 19:02:34 [INFO] root: Successfully saved prop_data/2024-25/NBA Team Assists per Game.parquet
2026-02-21 19:02:34 [INFO] root: Fetching [TeamRankings] NBA Team Opponent Points per Game...
2026-02-21 19:02:34 [INFO] root: Successfully saved prop_data/2024-25/NBA Team Opponent Points per Game.parquet
2026-02-21 19:02:35 [INFO] root: Fetching [TeamRankings] NBA Team Opponent Total Rebounds per Game...
2026-02-21 19:02:35 [INFO] root: Fetching [TeamRankings] NBA Team Opponent Assists per Game...
2026-02-21 19:02:35 [INFO] root: Successfully saved prop_data/2024-25/NBA Team Opponent Total Rebounds per Game.parquet
2026-02-21 19:02:35 [INFO] root: Successfully saved prop_data/2024-25/NBA Team Opponent Assists per Game.parquet
2026-02-21 19:02:35 [INFO] root: Fetching [TeamRankings] NBA Team Possessions per Game...
2026-02-21 19:02:36 [INFO] root: Successfully saved prop_data/2024-25/NBA Team Possessions per Game.parquet
2026-02-21 19:02:37 [INFO] root: --- Processing Season: 2025-26 (Live: True) ---
2026-02-21 19:02:37 [INFO] root: --- Scraping Daily Injury Report (CBS Sports) ---
2026-02-21 19:02:37 [INFO] root: Successfully saved prop_data/2025-26/daily_injuries.parquet
2026-02-21 19:02:37 [INFO] root: Fetching [BBall-Ref] NBA Player Per Game Averages.csv...
2026-02-21 19:02:37 [INFO] root: Fetching [BBall-Ref] NBA Player Advanced Stats.csv...
2026-02-21 19:02:39 [INFO] root: Successfully saved prop_data/2025-26/NBA Player Per Game Averages.parquet
2026-02-21 19:02:39 [INFO] root: Successfully saved prop_data/2025-26/NBA Player Advanced Stats.parquet
2026-02-21 19:02:41 [INFO] root: --- Fetching ESPN Box Scores (Incremental) for 2025-26 ---
2026-02-21 19:02:41 [INFO] root: Queued 125 new days to fetch from ESPN.
2026-02-21 19:03:27 [INFO] root:   Fetches complete: 10/125
2026-02-21 19:04:13 [INFO] root:   Fetches complete: 20/125
2026-02-21 19:05:01 [INFO] root:   Fetches complete: 30/125
2026-02-21 19:05:47 [INFO] root:   Fetches complete: 40/125
2026-02-21 19:06:25 [INFO] root: Logging initialized. Writing to logs/scraper.log
2026-02-21 19:06:25 [INFO] root: >>> STARTING DATA SCRAPER <<<
2026-02-21 19:06:25 [INFO] root: ========= STARTING NBA DATA SCRAPER (FAST CONCURRENT MODE) =========
2026-02-21 19:06:25 [INFO] root: --- Processing Season: 2024-25 (Live: False) ---
2026-02-21 19:06:25 [INFO] root: --- Gap Detection: ESPN Box Scores for 2024-25 ---
2026-02-21 19:06:25 [INFO] root: Identified 13 missing days to fetch concurrently.
2026-02-21 19:06:25 [INFO] root:   Fetches complete: 10/13
2026-02-21 19:06:25 [INFO] root:   Fetches complete: 13/13
2026-02-21 19:06:25 [INFO] root: No new games found in the requested dates.
2026-02-21 19:06:25 [INFO] root: --- Processing Season: 2025-26 (Live: True) ---
2026-02-21 19:06:25 [INFO] root: --- Scraping Daily Injury Report (CBS Sports) ---
2026-02-21 19:06:26 [INFO] root: Successfully saved daily_injuries.parquet
2026-02-21 19:06:27 [INFO] root: Successfully saved NBA Player Advanced Stats.parquet
2026-02-21 19:06:27 [INFO] root: Successfully saved NBA Player Per Game Averages.parquet
2026-02-21 19:06:28 [INFO] root: --- Gap Detection: ESPN Box Scores for 2025-26 ---
2026-02-21 19:06:28 [INFO] root: Identified 124 missing days to fetch concurrently.
2026-02-21 19:06:30 [INFO] root:   Fetches complete: 10/124
2026-02-21 19:06:31 [INFO] root:   Fetches complete: 20/124
2026-02-21 19:06:32 [INFO] root:   Fetches complete: 30/124
2026-02-21 19:06:33 [INFO] root:   Fetches complete: 40/124
2026-02-21 19:06:34 [INFO] root:   Fetches complete: 50/124
2026-02-21 19:06:35 [INFO] root:   Fetches complete: 60/124
2026-02-21 19:06:37 [INFO] root:   Fetches complete: 70/124
2026-02-21 19:06:38 [INFO] root:   Fetches complete: 80/124
2026-02-21 19:06:39 [INFO] root:   Fetches complete: 90/124
2026-02-21 19:06:40 [INFO] root:   Fetches complete: 100/124
2026-02-21 19:06:41 [INFO] root:   Fetches complete: 110/124
2026-02-21 19:06:42 [INFO] root:   Fetches complete: 120/124
2026-02-21 19:06:43 [INFO] root:   Fetches complete: 124/124
2026-02-21 19:06:43 [INFO] root: Successfully saved NBA Player Box Scores.parquet
2026-02-21 19:06:43 [INFO] root: Updated aggregated box scores. Added 18267 rows. Total rows: 18267
2026-02-21 19:06:44 [INFO] root: Successfully saved NBA Team Points per Game.parquet
2026-02-21 19:06:44 [INFO] root: Successfully saved NBA Team Shooting %.parquet
2026-02-21 19:06:44 [INFO] root: Successfully saved NBA Team Defensive Efficiency.parquet
2026-02-21 19:06:44 [INFO] root: Successfully saved NBA Team Offensive Efficiency.parquet
2026-02-21 19:06:44 [INFO] root: Successfully saved NBA Team Total Rebounds per Game.parquet
2026-02-21 19:06:44 [INFO] root: Successfully saved NBA Team True Shooting %.parquet
2026-02-21 19:06:45 [INFO] root: Successfully saved NBA Team Assists per Game.parquet
2026-02-21 19:06:45 [INFO] root: Successfully saved NBA Team Effective Field Goal %.parquet
2026-02-21 19:06:45 [INFO] root: Successfully saved NBA Team Opponent Points per Game.parquet
2026-02-21 19:06:45 [INFO] root: Successfully saved NBA Team Opponent Total Rebounds per Game.parquet
2026-02-21 19:06:45 [INFO] root: Successfully saved NBA Team Opponent Assists per Game.parquet
2026-02-21 19:06:45 [INFO] root: Successfully saved NBA Team Possessions per Game.parquet
2026-02-21 19:06:46 [INFO] root: ========= NBA DATA SCRAPER FINISHED in 0:21 minutes =========
2026-02-21 19:06:46 [INFO] root: <<< SCRAPER COMPLETE >>>
2026-02-21 21:57:40 [INFO] root: Logging initialized. Writing to logs/scraper.log
2026-02-21 21:57:40 [INFO] root: >>> STARTING DATA SCRAPER <<<
2026-02-21 21:57:40 [INFO] root: ========= STARTING NBA DATA SCRAPER (FAST CONCURRENT MODE) =========
2026-02-21 21:57:40 [INFO] root: --- Processing Season: 2024-25 (Live: False) ---
2026-02-21 21:57:40 [INFO] root: --- Gap Detection: ESPN Box Scores for 2024-25 ---
2026-02-21 21:57:40 [INFO] root: Identified 13 missing days to fetch concurrently.
2026-02-21 21:57:40 [INFO] root:   Fetches complete: 10/13
2026-02-21 21:57:40 [INFO] root:   Fetches complete: 13/13
2026-02-21 21:57:40 [INFO] root: No new games found in the requested dates.
2026-02-21 21:57:40 [INFO] root: --- Processing Season: 2025-26 (Live: True) ---
2026-02-21 21:57:40 [INFO] root: --- Scraping Daily Injury Report (CBS Sports) ---
2026-02-21 21:57:41 [INFO] root: Successfully saved daily_injuries.parquet
2026-02-21 21:57:42 [INFO] root: Successfully saved NBA Player Per Game Averages.parquet
2026-02-21 21:57:42 [INFO] root: Successfully saved NBA Player Advanced Stats.parquet
2026-02-21 21:57:43 [INFO] root: --- Gap Detection: ESPN Box Scores for 2025-26 ---
2026-02-21 21:57:43 [INFO] root: Identified 8 missing days to fetch concurrently.
2026-02-21 21:57:44 [INFO] root:   Fetches complete: 8/8
2026-02-21 21:57:44 [INFO] root: No new games found in the requested dates.
2026-02-21 21:57:45 [INFO] root: Successfully saved NBA Team Offensive Efficiency.parquet
2026-02-21 21:57:45 [INFO] root: Successfully saved NBA Team Defensive Efficiency.parquet
2026-02-21 21:57:45 [INFO] root: Successfully saved NBA Team Points per Game.parquet
2026-02-21 21:57:45 [INFO] root: Successfully saved NBA Team Shooting %.parquet
2026-02-21 21:57:45 [INFO] root: Successfully saved NBA Team Total Rebounds per Game.parquet
2026-02-21 21:57:45 [INFO] root: Successfully saved NBA Team Assists per Game.parquet
2026-02-21 21:57:46 [INFO] root: Successfully saved NBA Team True Shooting %.parquet
2026-02-21 21:57:46 [INFO] root: Successfully saved NBA Team Effective Field Goal %.parquet
2026-02-21 21:57:46 [INFO] root: Successfully saved NBA Team Opponent Points per Game.parquet
2026-02-21 21:57:46 [INFO] root: Successfully saved NBA Team Opponent Total Rebounds per Game.parquet
2026-02-21 21:57:46 [INFO] root: Successfully saved NBA Team Opponent Assists per Game.parquet
2026-02-21 21:57:46 [INFO] root: Successfully saved NBA Team Possessions per Game.parquet
2026-02-21 21:57:47 [INFO] root: ========= NBA DATA SCRAPER FINISHED in 0:07 minutes =========
2026-02-21 21:57:47 [INFO] root: <<< SCRAPER COMPLETE >>>
