2026-02-21 22:01:10 [INFO] root: Logging initialized. Writing to logs/train_models.log
2026-02-21 22:01:10 [INFO] root: >>> STARTING ADVANCED MODEL TRAINING PIPELINE
2026-02-21 22:01:10 [INFO] root: --- Training Multi-Output Engine (PTS, REB, AST) ---
2026-02-21 22:01:10 [INFO] root: Training Professional Ensemble for BASE_MULTI (Targets: ['PTS', 'REB', 'AST'])...
2026-02-21 22:01:10 [INFO] root: [BASE_MULTI] Running Hyperparameter Optimization (Walk-Forward CV)...
2026-02-21 22:04:05 [INFO] root: [BASE_MULTI] Fitting Final Ensemble Model on full training data...
2026-02-21 22:04:14 [INFO] root: [BASE_MULTI] Holdout Metrics - MAE: 1.36, RMSE: 1.97, R2: 0.60
2026-02-21 22:04:14 [INFO] root: [BASE_MULTI] Calculating SHAP Feature Importance...
2026-02-21 22:04:14 [INFO] root: [BASE_MULTI] Top Feature: TEAM_MISSING_MIN (Score: 4.9982)
2026-02-21 22:04:15 [INFO] root: Saved versioned artifacts for BASE_MULTI to model_BASE_MULTI_latest.pkl
2026-02-21 22:04:15 [INFO] root: [BASE_MULTI] Successfully trained and saved.
2026-02-21 22:04:15 [INFO] root: --- Training Composite Engine: PRA ---
2026-02-21 22:04:15 [INFO] root: Training Professional Ensemble for PRA (Targets: ['PRA'])...
2026-02-21 22:04:15 [INFO] root: [PRA] Running Hyperparameter Optimization (Walk-Forward CV)...
2026-02-21 22:05:28 [INFO] root: [PRA] Fitting Final Ensemble Model on full training data...
2026-02-21 22:05:31 [INFO] root: [PRA] Holdout Metrics - MAE: 2.40, RMSE: 3.18, R2: 0.92
2026-02-21 22:05:31 [INFO] root: [PRA] Calculating SHAP Feature Importance...
2026-02-21 22:05:32 [INFO] root: [PRA] Top Feature: TEAM_MISSING_MIN (Score: 6.8495)
2026-02-21 22:05:32 [INFO] root: Saved versioned artifacts for PRA to model_PRA_latest.pkl
2026-02-21 22:05:32 [INFO] root: [PRA] Successfully trained and saved.
2026-02-21 22:05:32 [INFO] root: --- Training Composite Engine: PR ---
2026-02-21 22:05:32 [INFO] root: Training Professional Ensemble for PR (Targets: ['PR'])...
2026-02-21 22:05:32 [INFO] root: [PR] Running Hyperparameter Optimization (Walk-Forward CV)...
2026-02-21 22:06:36 [INFO] root: [PR] Fitting Final Ensemble Model on full training data...
2026-02-21 22:06:39 [INFO] root: [PR] Holdout Metrics - MAE: 2.00, RMSE: 2.68, R2: 0.93
2026-02-21 22:06:39 [INFO] root: [PR] Calculating SHAP Feature Importance...
2026-02-21 22:06:40 [INFO] root: [PR] Top Feature: TEAM_MISSING_MIN (Score: 5.6753)
2026-02-21 22:06:40 [INFO] root: Saved versioned artifacts for PR to model_PR_latest.pkl
2026-02-21 22:06:40 [INFO] root: [PR] Successfully trained and saved.
2026-02-21 22:06:40 [INFO] root: --- Training Composite Engine: PA ---
2026-02-21 22:06:40 [INFO] root: Training Professional Ensemble for PA (Targets: ['PA'])...
2026-02-21 22:06:40 [INFO] root: [PA] Running Hyperparameter Optimization (Walk-Forward CV)...
2026-02-21 22:07:47 [INFO] root: [PA] Fitting Final Ensemble Model on full training data...
2026-02-21 22:07:50 [INFO] root: [PA] Holdout Metrics - MAE: 1.50, RMSE: 2.04, R2: 0.96
2026-02-21 22:07:50 [INFO] root: [PA] Calculating SHAP Feature Importance...
2026-02-21 22:07:51 [INFO] root: [PA] Top Feature: TEAM_MISSING_MIN (Score: 6.1168)
2026-02-21 22:07:51 [INFO] root: Saved versioned artifacts for PA to model_PA_latest.pkl
2026-02-21 22:07:51 [INFO] root: [PA] Successfully trained and saved.
2026-02-21 22:07:51 [INFO] root: --- Training Composite Engine: RA ---
2026-02-21 22:07:51 [INFO] root: Training Professional Ensemble for RA (Targets: ['RA'])...
2026-02-21 22:07:51 [INFO] root: [RA] Running Hyperparameter Optimization (Walk-Forward CV)...
2026-02-21 22:08:59 [INFO] root: [RA] Fitting Final Ensemble Model on full training data...
2026-02-21 22:09:01 [INFO] root: [RA] Holdout Metrics - MAE: 2.49, RMSE: 3.32, R2: 0.49
2026-02-21 22:09:01 [INFO] root: [RA] Calculating SHAP Feature Importance...
2026-02-21 22:09:01 [INFO] root: [RA] Top Feature: USG_PROXY_PER36 (Score: 2.1341)
2026-02-21 22:09:01 [INFO] root: Saved versioned artifacts for RA to model_RA_latest.pkl
2026-02-21 22:09:01 [INFO] root: [RA] Successfully trained and saved.
2026-02-21 22:09:01 [INFO] root: <<< TRAINING COMPLETE.
2026-02-21 22:38:48 [INFO] root: Logging initialized. Writing to logs/train_models.log
2026-02-21 22:38:48 [INFO] root: >>> STARTING ADVANCED MODEL TRAINING PIPELINE
2026-02-21 22:38:48 [INFO] root: --- Training Multi-Output Engine (PTS, REB, AST) ---
2026-02-21 22:38:48 [INFO] root: Training Professional Ensemble for BASE_MULTI (Targets: ['PTS', 'REB', 'AST'])...
2026-02-21 22:38:48 [INFO] root: [BASE_MULTI] Running Hyperparameter Optimization (Walk-Forward CV)...
2026-02-21 22:42:13 [INFO] root: [BASE_MULTI] Fitting Final Ensemble Model on full training data...
2026-02-21 22:42:24 [INFO] root: [BASE_MULTI] Holdout Metrics - MAE: 1.42, RMSE: 2.04, R2: 0.57
2026-02-21 22:42:24 [INFO] root: [BASE_MULTI] Calculating SHAP Feature Importance...
2026-02-21 22:42:25 [INFO] root: [BASE_MULTI] Top Feature: TS_PCT (Score: 4.9582)
2026-02-21 22:42:25 [INFO] root: Saved versioned artifacts for BASE_MULTI to model_BASE_MULTI_latest.pkl
2026-02-21 22:42:25 [INFO] root: [BASE_MULTI] Successfully trained and saved.
2026-02-21 22:42:25 [INFO] root: --- Training Composite Engine: PRA ---
2026-02-21 22:42:25 [INFO] root: Training Professional Ensemble for PRA (Targets: ['PRA'])...
2026-02-21 22:42:25 [INFO] root: [PRA] Running Hyperparameter Optimization (Walk-Forward CV)...
2026-02-21 22:43:35 [INFO] root: [PRA] Fitting Final Ensemble Model on full training data...
2026-02-21 22:43:37 [INFO] root: [PRA] Holdout Metrics - MAE: 2.48, RMSE: 3.28, R2: 0.92
2026-02-21 22:43:37 [INFO] root: [PRA] Calculating SHAP Feature Importance...
2026-02-21 22:43:38 [INFO] root: [PRA] Top Feature: TS_PCT (Score: 6.9055)
2026-02-21 22:43:38 [INFO] root: Saved versioned artifacts for PRA to model_PRA_latest.pkl
2026-02-21 22:43:38 [INFO] root: [PRA] Successfully trained and saved.
2026-02-21 22:43:38 [INFO] root: --- Training Composite Engine: PR ---
2026-02-21 22:43:38 [INFO] root: Training Professional Ensemble for PR (Targets: ['PR'])...
2026-02-21 22:43:38 [INFO] root: [PR] Running Hyperparameter Optimization (Walk-Forward CV)...
2026-02-21 22:44:41 [INFO] root: [PR] Fitting Final Ensemble Model on full training data...
2026-02-21 22:44:44 [INFO] root: [PR] Holdout Metrics - MAE: 2.11, RMSE: 2.85, R2: 0.92
2026-02-21 22:44:44 [INFO] root: [PR] Calculating SHAP Feature Importance...
2026-02-21 22:44:44 [INFO] root: [PR] Top Feature: TS_PCT (Score: 6.0884)
2026-02-21 22:44:44 [INFO] root: Saved versioned artifacts for PR to model_PR_latest.pkl
2026-02-21 22:44:44 [INFO] root: [PR] Successfully trained and saved.
2026-02-21 22:44:44 [INFO] root: --- Training Composite Engine: PA ---
2026-02-21 22:44:44 [INFO] root: Training Professional Ensemble for PA (Targets: ['PA'])...
2026-02-21 22:44:44 [INFO] root: [PA] Running Hyperparameter Optimization (Walk-Forward CV)...
2026-02-21 22:45:45 [INFO] root: [PA] Fitting Final Ensemble Model on full training data...
2026-02-21 22:45:48 [INFO] root: [PA] Holdout Metrics - MAE: 1.57, RMSE: 2.14, R2: 0.95
2026-02-21 22:45:48 [INFO] root: [PA] Calculating SHAP Feature Importance...
2026-02-21 22:45:48 [INFO] root: [PA] Top Feature: TS_PCT (Score: 6.0670)
2026-02-21 22:45:48 [INFO] root: Saved versioned artifacts for PA to model_PA_latest.pkl
2026-02-21 22:45:48 [INFO] root: [PA] Successfully trained and saved.
2026-02-21 22:45:48 [INFO] root: --- Training Composite Engine: RA ---
2026-02-21 22:45:48 [INFO] root: Training Professional Ensemble for RA (Targets: ['RA'])...
2026-02-21 22:45:48 [INFO] root: [RA] Running Hyperparameter Optimization (Walk-Forward CV)...
2026-02-21 22:46:44 [INFO] root: [RA] Fitting Final Ensemble Model on full training data...
2026-02-21 22:46:46 [INFO] root: [RA] Holdout Metrics - MAE: 2.41, RMSE: 3.22, R2: 0.52
2026-02-21 22:46:46 [INFO] root: [RA] Calculating SHAP Feature Importance...
2026-02-21 22:46:46 [INFO] root: [RA] Top Feature: USG_PROXY_PER36 (Score: 2.0781)
2026-02-21 22:46:46 [INFO] root: Saved versioned artifacts for RA to model_RA_latest.pkl
2026-02-21 22:46:46 [INFO] root: [RA] Successfully trained and saved.
2026-02-21 22:46:46 [INFO] root: <<< TRAINING COMPLETE.
2026-02-21 22:56:04 [INFO] root: Logging initialized. Writing to logs/train_models.log
2026-02-21 22:56:04 [INFO] root: >>> STARTING ADVANCED MODEL TRAINING PIPELINE
2026-02-21 22:56:04 [INFO] root: --- Training Multi-Output Engine (PTS, REB, AST) ---
2026-02-21 22:56:04 [INFO] root: Training Professional Ensemble for BASE_MULTI (Targets: ['PTS', 'REB', 'AST'])...
2026-02-21 22:56:04 [INFO] root: [BASE_MULTI] Running Hyperparameter Optimization (Walk-Forward CV)...
2026-02-21 22:59:17 [INFO] root: [BASE_MULTI] Fitting Final Ensemble Model on full training data...
2026-02-21 22:59:27 [INFO] root: [BASE_MULTI] Holdout Metrics - MAE: 1.46, RMSE: 2.10, R2: 0.56
2026-02-21 22:59:27 [INFO] root: [BASE_MULTI] Calculating SHAP Feature Importance...
2026-02-21 22:59:27 [INFO] root: [BASE_MULTI] Top Feature: Days_Rest (Score: 5.0325)
2026-02-21 22:59:27 [INFO] root: Saved versioned artifacts for BASE_MULTI to model_BASE_MULTI_latest.pkl
2026-02-21 22:59:27 [INFO] root: [BASE_MULTI] Successfully trained and saved.
2026-02-21 22:59:27 [INFO] root: --- Training Composite Engine: PRA ---
2026-02-21 22:59:27 [INFO] root: Training Professional Ensemble for PRA (Targets: ['PRA'])...
2026-02-21 22:59:28 [INFO] root: [PRA] Running Hyperparameter Optimization (Walk-Forward CV)...
2026-02-21 23:00:24 [INFO] root: [PRA] Fitting Final Ensemble Model on full training data...
2026-02-21 23:00:27 [INFO] root: [PRA] Holdout Metrics - MAE: 2.41, RMSE: 3.19, R2: 0.92
2026-02-21 23:00:27 [INFO] root: [PRA] Calculating SHAP Feature Importance...
2026-02-21 23:00:28 [INFO] root: [PRA] Top Feature: Days_Rest (Score: 6.8791)
2026-02-21 23:00:28 [INFO] root: Saved versioned artifacts for PRA to model_PRA_latest.pkl
2026-02-21 23:00:28 [INFO] root: [PRA] Successfully trained and saved.
2026-02-21 23:00:28 [INFO] root: --- Training Composite Engine: PR ---
2026-02-21 23:00:28 [INFO] root: Training Professional Ensemble for PR (Targets: ['PR'])...
2026-02-21 23:00:28 [INFO] root: [PR] Running Hyperparameter Optimization (Walk-Forward CV)...
2026-02-21 23:01:41 [INFO] root: [PR] Fitting Final Ensemble Model on full training data...
2026-02-21 23:01:44 [INFO] root: [PR] Holdout Metrics - MAE: 1.98, RMSE: 2.66, R2: 0.93
2026-02-21 23:01:44 [INFO] root: [PR] Calculating SHAP Feature Importance...
2026-02-21 23:01:44 [INFO] root: [PR] Top Feature: Days_Rest (Score: 5.8502)
2026-02-21 23:01:44 [INFO] root: Saved versioned artifacts for PR to model_PR_latest.pkl
2026-02-21 23:01:44 [INFO] root: [PR] Successfully trained and saved.
2026-02-21 23:01:44 [INFO] root: --- Training Composite Engine: PA ---
2026-02-21 23:01:44 [INFO] root: Training Professional Ensemble for PA (Targets: ['PA'])...
2026-02-21 23:01:44 [INFO] root: [PA] Running Hyperparameter Optimization (Walk-Forward CV)...
2026-02-21 23:02:41 [INFO] root: [PA] Fitting Final Ensemble Model on full training data...
2026-02-21 23:02:44 [INFO] root: [PA] Holdout Metrics - MAE: 1.54, RMSE: 2.11, R2: 0.95
2026-02-21 23:02:44 [INFO] root: [PA] Calculating SHAP Feature Importance...
2026-02-21 23:02:44 [INFO] root: [PA] Top Feature: Days_Rest (Score: 5.9301)
2026-02-21 23:02:44 [INFO] root: Saved versioned artifacts for PA to model_PA_latest.pkl
2026-02-21 23:02:44 [INFO] root: [PA] Successfully trained and saved.
2026-02-21 23:02:44 [INFO] root: --- Training Composite Engine: RA ---
2026-02-21 23:02:44 [INFO] root: Training Professional Ensemble for RA (Targets: ['RA'])...
2026-02-21 23:02:44 [INFO] root: [RA] Running Hyperparameter Optimization (Walk-Forward CV)...
2026-02-21 23:04:02 [INFO] root: [RA] Fitting Final Ensemble Model on full training data...
2026-02-21 23:04:03 [INFO] root: [RA] Holdout Metrics - MAE: 2.47, RMSE: 3.29, R2: 0.50
2026-02-21 23:04:03 [INFO] root: [RA] Calculating SHAP Feature Importance...
2026-02-21 23:04:03 [INFO] root: [RA] Top Feature: IS_HOME (Score: 2.0949)
2026-02-21 23:04:03 [INFO] root: Saved versioned artifacts for RA to model_RA_latest.pkl
2026-02-21 23:04:03 [INFO] root: [RA] Successfully trained and saved.
2026-02-21 23:04:03 [INFO] root: <<< TRAINING COMPLETE.
